<?xml version="1.0" encoding="UTF-8"?>
<testng-results ignored="0" total="1" passed="1" failed="0" skipped="0">
  <reporter-output>
  </reporter-output>
  <suite started-at="2021-05-22T05:40:09Z" name="Bank" finished-at="2021-05-22T05:40:29Z" duration-ms="19734">
    <groups>
    </groups>
    <test started-at="2021-05-22T05:40:09Z" name="Test" finished-at="2021-05-22T05:40:29Z" duration-ms="19734">
      <class name="com.internetbanking.testscript.LoginTest">
        <test-method is-config="true" signature="setUp()[pri:0, instance:com.internetbanking.testscript.LoginTest@7d898981]" started-at="2021-05-22T05:40:10Z" name="setUp" finished-at="2021-05-22T05:40:19Z" duration-ms="9671" status="PASS">
          <reporter-output>
          </reporter-output>
        </test-method> <!-- setUp -->
        <test-method signature="loginTest()[pri:1, instance:com.internetbanking.testscript.LoginTest@7d898981]" started-at="2021-05-22T05:40:19Z" name="loginTest" finished-at="2021-05-22T05:40:24Z" duration-ms="4927" status="PASS">
          <reporter-output>
          </reporter-output>
        </test-method> <!-- loginTest -->
        <test-method is-config="true" signature="tearDown()[pri:0, instance:com.internetbanking.testscript.LoginTest@7d898981]" started-at="2021-05-22T05:40:24Z" name="tearDown" finished-at="2021-05-22T05:40:29Z" duration-ms="4887" status="PASS">
          <reporter-output>
          </reporter-output>
        </test-method> <!-- tearDown -->
      </class> <!-- com.internetbanking.testscript.LoginTest -->
    </test> <!-- Test -->
  </suite> <!-- Bank -->
</testng-results>
